<?xml version="1.0" encoding="UTF-8"?>
<testng-results ignored="0" total="1" passed="1" failed="0" skipped="0">
  <reporter-output>
  </reporter-output>
  <suite started-at="2025-03-08T11:36:58 IST" name="Suite" finished-at="2025-03-08T11:37:05 IST" duration-ms="6600">
    <groups>
      <group name="Master">
        <method signature="TC_001_Login.testLogin()[pri:0, instance:testCases.TC_001_Login@15043a2f]" name="testLogin" class="testCases.TC_001_Login"/>
      </group> <!-- Master -->
      <group name="Sanity">
        <method signature="TC_001_Login.testLogin()[pri:0, instance:testCases.TC_001_Login@15043a2f]" name="testLogin" class="testCases.TC_001_Login"/>
      </group> <!-- Sanity -->
    </groups>
    <test started-at="2025-03-08T11:36:58 IST" name="Test" finished-at="2025-03-08T11:37:05 IST" duration-ms="6600">
      <class name="testCases.TC_001_Login">
        <test-method is-config="true" signature="setup()[pri:0, instance:testCases.TC_001_Login@15043a2f]" started-at="2025-03-08T11:36:58 IST" name="setup" finished-at="2025-03-08T11:37:02 IST" duration-ms="4219" status="PASS">
          <reporter-output>
          </reporter-output>
        </test-method> <!-- setup -->
        <test-method signature="testLogin()[pri:0, instance:testCases.TC_001_Login@15043a2f]" started-at="2025-03-08T11:37:02 IST" name="testLogin" finished-at="2025-03-08T11:37:04 IST" duration-ms="2128" status="PASS">
          <reporter-output>
          </reporter-output>
        </test-method> <!-- testLogin -->
        <test-method is-config="true" signature="tearDown()[pri:0, instance:testCases.TC_001_Login@15043a2f]" started-at="2025-03-08T11:37:04 IST" name="tearDown" finished-at="2025-03-08T11:37:05 IST" duration-ms="197" status="PASS">
          <reporter-output>
          </reporter-output>
        </test-method> <!-- tearDown -->
      </class> <!-- testCases.TC_001_Login -->
    </test> <!-- Test -->
  </suite> <!-- Suite -->
</testng-results>
